<?xml version="1.0" encoding="UTF-8"?>
<!-- Generated by org.testng.reporters.JUnitXMLReporter -->
<testsuite hostname="DESKTOP-D96Q9MV" ignored="2" name="Default test(failed)" tests="1" failures="0" timestamp="2021-01-04T19:17:03 GMT" time="19.713" errors="0">
  <testcase name="login" time="5.398" classname="com.app.testcases.LoginPageTest"/>
  <testcase name="logovalidation" time="0.0" classname="com.app.testcases.LoginPageTest">
    <ignored/>
  </testcase> <!-- logovalidation -->
  <testcase name="loginPagetitleTest" time="0.0" classname="com.app.testcases.LoginPageTest">
    <ignored/>
  </testcase> <!-- loginPagetitleTest -->
</testsuite> <!-- Default test(failed) -->
