<?xml version="1.0" encoding="UTF-8"?>
<!-- Generated by org.testng.reporters.JUnitXMLReporter -->
<testsuite hostname="DESKTOP-D96Q9MV" ignored="0" name="Default test" tests="3" failures="0" timestamp="2021-01-05T18:45:22 GMT" time="69.551" errors="0">
  <testcase name="verifyContactPage" time="3.041" classname="com.app.testcases.ContactsPageTest"/>
  <testcase name="clickonContactCheckbox" time="2.714" classname="com.app.testcases.ContactsPageTest"/>
  <testcase name="createNewContact" time="12.846" classname="com.app.testcases.ContactsPageTest"/>
</testsuite> <!-- Default test -->
