<?xml version="1.0" encoding="UTF-8"?>
<!-- Generated by org.testng.reporters.JUnitXMLReporter -->
<testsuite hostname="DESKTOP-D96Q9MV" ignored="2" name="Default test(failed)(failed)" tests="2" failures="0" timestamp="2021-01-04T23:02:00 GMT" time="43.945" errors="0">
  <testcase name="clickonContactLink" time="3.582" classname="com.app.testcases.HomePageTest"/>
  <testcase name="clickonDealsLink" time="2.86" classname="com.app.testcases.HomePageTest"/>
  <testcase name="verifyHomePageTitle" time="0.0" classname="com.app.testcases.HomePageTest">
    <ignored/>
  </testcase> <!-- verifyHomePageTitle -->
  <testcase name="loggeduserValidation" time="0.0" classname="com.app.testcases.HomePageTest">
    <ignored/>
  </testcase> <!-- loggeduserValidation -->
</testsuite> <!-- Default test(failed)(failed) -->
