<?xml version="1.0" encoding="UTF-8"?>
<!-- Generated by org.testng.reporters.JUnitXMLReporter -->
<testsuite hostname="DESKTOP-D96Q9MV" ignored="0" name="Sanity" tests="7" failures="1" timestamp="07 Jan 2021 15:23:27 GMT" time="125.663" errors="0">
  <testcase name="loginPagetitleTest" time="0.108" classname="com.app.testcases.LoginPageTest"/>
  <testcase name="verifyHomePageTitle" time="0.045" classname="com.app.testcases.HomePageTest"/>
  <testcase name="logovalidation" time="0.358" classname="com.app.testcases.LoginPageTest"/>
  <testcase name="loggeduserValidation" time="0.289" classname="com.app.testcases.HomePageTest">
    <failure type="java.lang.AssertionError" message="expected [  User: Learnfirst Learnlast] but found [  User: XLearnfirst Learnlast]">
      <![CDATA[java.lang.AssertionError: expected [  User: Learnfirst Learnlast] but found [  User: XLearnfirst Learnlast]
at com.app.testcases.HomePageTest.loggeduserValidation(HomePageTest.java:53)
... Removed 31 stack frames]]>
    </failure>
  </testcase> <!-- loggeduserValidation -->
  <testcase name="login" time="5.924" classname="com.app.testcases.LoginPageTest"/>
  <testcase name="clickonContactLink" time="2.832" classname="com.app.testcases.HomePageTest"/>
  <testcase name="clickonDealsLink" time="2.9" classname="com.app.testcases.HomePageTest"/>
</testsuite> <!-- Sanity -->
