<?xml version="1.0" encoding="UTF-8"?>
<!-- Generated by org.testng.reporters.JUnitXMLReporter -->
<testsuite hostname="DESKTOP-D96Q9MV" ignored="0" name="Sanity" tests="7" failures="0" timestamp="2021-01-07T22:21:55 GMT" time="131.114" errors="0">
  <testcase name="loginPagetitleTest" time="0.118" classname="com.app.testcases.LoginPageTest"/>
  <testcase name="logovalidation" time="0.564" classname="com.app.testcases.LoginPageTest"/>
  <testcase name="login" time="7.306" classname="com.app.testcases.LoginPageTest"/>
  <testcase name="verifyHomePageTitle" time="0.044" classname="com.app.testcases.HomePageTest"/>
  <testcase name="loggeduserValidation" time="0.247" classname="com.app.testcases.HomePageTest"/>
  <testcase name="clickonContactLink" time="2.927" classname="com.app.testcases.HomePageTest"/>
  <testcase name="clickonDealsLink" time="3.188" classname="com.app.testcases.HomePageTest"/>
</testsuite> <!-- Sanity -->
