<?xml version="1.0" encoding="UTF-8"?>
<testsuite xmlns:xsi="http://www.w3.org/2001/XMLSchema-instance" xsi:noNamespaceSchemaLocation="https://maven.apache.org/surefire/maven-surefire-plugin/xsd/surefire-test-report.xsd" name="TestSuite" time="49.876" tests="19" errors="0" skipped="16" failures="2">
  <properties>
[...]
</properties>
  <testcase name="loginPagetitleTest" classname="com.app.testcases.LoginPageTest" time="1.726"/>
  <testcase name="setup" classname="com.app.testcases.HomePageTest" time="18.186">
    <failure message="session not created&#10;from chrome not reachable&#10;  (Session info: chrome=87.0.4280.88)&#10;Build info: version: &apos;3.141.59&apos;, revision: &apos;e82be7d358&apos;, time: &apos;2018-11-14T08:17:03&apos;&#10;System info: host: &apos;DESKTOP-D96Q9MV&apos;, ip: &apos;192.168.56.1&apos;, os.name: &apos;Windows 10&apos;, os.arch: &apos;amd64&apos;, os.version: &apos;10.0&apos;, java.version: &apos;1.8.0_261&apos;&#10;Driver info: driver.version: ChromeDriver&#10;remote stacktrace: Backtrace:&#10;	Ordinal0 [0x0125C0C3+3326147]&#10;	Ordinal0 [0x01140851+2164817]&#10;	Ordinal0 [0x00FC7140+618816]&#10;	Ordinal0 [0x00FBD404+578564]&#10;	Ordinal0 [0x00FBDACB+580299]&#10;	Ordinal0 [0x00FBED35+585013]&#10;	Ordinal0 [0x00FB9D61+564577]&#10;	Ordinal0 [0x00FC82C0+623296]&#10;	Ordinal0 [0x00F66BDD+224221]&#10;	Ordinal0 [0x00F65CAC+220332]&#10;	Ordinal0 [0x00F6189B+202907]&#10;	Ordinal0 [0x00F43DF4+81396]&#10;	Ordinal0 [0x00F44DEE+85486]&#10;	Ordinal0 [0x00F44D79+85369]&#10;	Ordinal0 [0x011585DC+2262492]&#10;	GetHandleVerifier [0x013E2874+1487204]&#10;	GetHandleVerifier [0x013E23CD+1486013]&#10;	GetHandleVerifier [0x013EA368+1518680]&#10;	GetHandleVerifier [0x013E2F4E+1488958]&#10;	Ordinal0 [0x0114ED0D+2223373]&#10;	Ordinal0 [0x0115A12B+2269483]&#10;	Ordinal0 [0x0115A26F+2269807]&#10;	Ordinal0 [0x0116ECB8+2354360]&#10;	BaseThreadInitThunk [0x7734FA29+25]&#10;	RtlGetAppContainerNamedObjectPath [0x77C175F4+228]&#10;	RtlGetAppContainerNamedObjectPath [0x77C175C4+180]&#10;" type="org.openqa.selenium.SessionNotCreatedException">org.openqa.selenium.SessionNotCreatedException: 
session not created
from chrome not reachable
  (Session info: chrome=87.0.4280.88)
Build info: version: '3.141.59', revision: 'e82be7d358', time: '2018-11-14T08:17:03'
System info: host: 'DESKTOP-D96Q9MV', ip: '192.168.56.1', os.name: 'Windows 10', os.arch: 'amd64', os.version: '10.0', java.version: '1.8.0_261'
Driver info: driver.version: ChromeDriver
remote stacktrace: Backtrace:
	Ordinal0 [0x0125C0C3+3326147]
	Ordinal0 [0x01140851+2164817]
	Ordinal0 [0x00FC7140+618816]
	Ordinal0 [0x00FBD404+578564]
	Ordinal0 [0x00FBDACB+580299]
	Ordinal0 [0x00FBED35+585013]
	Ordinal0 [0x00FB9D61+564577]
	Ordinal0 [0x00FC82C0+623296]
	Ordinal0 [0x00F66BDD+224221]
	Ordinal0 [0x00F65CAC+220332]
	Ordinal0 [0x00F6189B+202907]
	Ordinal0 [0x00F43DF4+81396]
	Ordinal0 [0x00F44DEE+85486]
	Ordinal0 [0x00F44D79+85369]
	Ordinal0 [0x011585DC+2262492]
	GetHandleVerifier [0x013E2874+1487204]
	GetHandleVerifier [0x013E23CD+1486013]
	GetHandleVerifier [0x013EA368+1518680]
	GetHandleVerifier [0x013E2F4E+1488958]
	Ordinal0 [0x0114ED0D+2223373]
	Ordinal0 [0x0115A12B+2269483]
	Ordinal0 [0x0115A26F+2269807]
	Ordinal0 [0x0116ECB8+2354360]
	BaseThreadInitThunk [0x7734FA29+25]
	RtlGetAppContainerNamedObjectPath [0x77C175F4+228]
	RtlGetAppContainerNamedObjectPath [0x77C175C4+180]

	at com.app.testcases.HomePageTest.setup(HomePageTest.java:32)
</failure>
    <system-err><![CDATA[Starting ChromeDriver 87.0.4280.88 (89e2380a3e36c3464b5dd1302349b1382549290d-refs/branch-heads/4280@{#1761}) on port 23691
Only local connections are allowed.
Please see https://chromedriver.chromium.org/security-considerations for suggestions on keeping ChromeDriver safe.
ChromeDriver was started successfully.
[1610054436.105][WARNING]: Timed out connecting to Chrome, retrying...
]]></system-err>
  </testcase>
  <testcase name="setup" classname="com.app.testcases.HomePageTest" time="0">
    <skipped/>
  </testcase>
  <testcase name="setup" classname="com.app.testcases.HomePageTest" time="0">
    <skipped/>
  </testcase>
  <testcase name="setup" classname="com.app.testcases.HomePageTest" time="0">
    <skipped/>
  </testcase>
  <testcase name="verifyHomePageTitle" classname="com.app.testcases.HomePageTest" time="0">
    <skipped message="session not created&#10;from chrome not reachable&#10;  (Session info: chrome=87.0.4280.88)&#10;Build info: version: &apos;3.141.59&apos;, revision: &apos;e82be7d358&apos;, time: &apos;2018-11-14T08:17:03&apos;&#10;System info: host: &apos;DESKTOP-D96Q9MV&apos;, ip: &apos;192.168.56.1&apos;, os.name: &apos;Windows 10&apos;, os.arch: &apos;amd64&apos;, os.version: &apos;10.0&apos;, java.version: &apos;1.8.0_261&apos;&#10;Driver info: driver.version: ChromeDriver&#10;remote stacktrace: Backtrace:&#10;	Ordinal0 [0x0125C0C3+3326147]&#10;	Ordinal0 [0x01140851+2164817]&#10;	Ordinal0 [0x00FC7140+618816]&#10;	Ordinal0 [0x00FBD404+578564]&#10;	Ordinal0 [0x00FBDACB+580299]&#10;	Ordinal0 [0x00FBED35+585013]&#10;	Ordinal0 [0x00FB9D61+564577]&#10;	Ordinal0 [0x00FC82C0+623296]&#10;	Ordinal0 [0x00F66BDD+224221]&#10;	Ordinal0 [0x00F65CAC+220332]&#10;	Ordinal0 [0x00F6189B+202907]&#10;	Ordinal0 [0x00F43DF4+81396]&#10;	Ordinal0 [0x00F44DEE+85486]&#10;	Ordinal0 [0x00F44D79+85369]&#10;	Ordinal0 [0x011585DC+2262492]&#10;	GetHandleVerifier [0x013E2874+1487204]&#10;	GetHandleVerifier [0x013E23CD+1486013]&#10;	GetHandleVerifier [0x013EA368+1518680]&#10;	GetHandleVerifier [0x013E2F4E+1488958]&#10;	Ordinal0 [0x0114ED0D+2223373]&#10;	Ordinal0 [0x0115A12B+2269483]&#10;	Ordinal0 [0x0115A26F+2269807]&#10;	Ordinal0 [0x0116ECB8+2354360]&#10;	BaseThreadInitThunk [0x7734FA29+25]&#10;	RtlGetAppContainerNamedObjectPath [0x77C175F4+228]&#10;	RtlGetAppContainerNamedObjectPath [0x77C175C4+180]&#10;"/>
  </testcase>
  <testcase name="tearDown" classname="com.app.testcases.HomePageTest" time="0">
    <skipped/>
  </testcase>
  <testcase name="tearDown" classname="com.app.testcases.HomePageTest" time="0">
    <skipped/>
  </testcase>
  <testcase name="tearDown" classname="com.app.testcases.HomePageTest" time="0">
    <skipped/>
  </testcase>
  <testcase name="tearDown" classname="com.app.testcases.HomePageTest" time="0">
    <skipped/>
  </testcase>
  <testcase name="setup" classname="com.app.testcases.LoginPageTest" time="32.319">
    <failure message="session not created&#10;from chrome not reachable&#10;  (Session info: chrome=87.0.4280.88)&#10;Build info: version: &apos;3.141.59&apos;, revision: &apos;e82be7d358&apos;, time: &apos;2018-11-14T08:17:03&apos;&#10;System info: host: &apos;DESKTOP-D96Q9MV&apos;, ip: &apos;192.168.56.1&apos;, os.name: &apos;Windows 10&apos;, os.arch: &apos;amd64&apos;, os.version: &apos;10.0&apos;, java.version: &apos;1.8.0_261&apos;&#10;Driver info: driver.version: ChromeDriver&#10;remote stacktrace: Backtrace:&#10;	Ordinal0 [0x0125C0C3+3326147]&#10;	Ordinal0 [0x01140851+2164817]&#10;	Ordinal0 [0x00FC7140+618816]&#10;	Ordinal0 [0x00FBD404+578564]&#10;	Ordinal0 [0x00FBDACB+580299]&#10;	Ordinal0 [0x00FBED35+585013]&#10;	Ordinal0 [0x00FB9D61+564577]&#10;	Ordinal0 [0x00FC82C0+623296]&#10;	Ordinal0 [0x00F66BDD+224221]&#10;	Ordinal0 [0x00F65CAC+220332]&#10;	Ordinal0 [0x00F6189B+202907]&#10;	Ordinal0 [0x00F43DF4+81396]&#10;	Ordinal0 [0x00F44DEE+85486]&#10;	Ordinal0 [0x00F44D79+85369]&#10;	Ordinal0 [0x011585DC+2262492]&#10;	GetHandleVerifier [0x013E2874+1487204]&#10;	GetHandleVerifier [0x013E23CD+1486013]&#10;	GetHandleVerifier [0x013EA368+1518680]&#10;	GetHandleVerifier [0x013E2F4E+1488958]&#10;	Ordinal0 [0x0114ED0D+2223373]&#10;	Ordinal0 [0x0115A12B+2269483]&#10;	Ordinal0 [0x0115A26F+2269807]&#10;	Ordinal0 [0x0116ECB8+2354360]&#10;	BaseThreadInitThunk [0x7734FA29+25]&#10;	RtlGetAppContainerNamedObjectPath [0x77C175F4+228]&#10;	RtlGetAppContainerNamedObjectPath [0x77C175C4+180]&#10;" type="org.openqa.selenium.SessionNotCreatedException">org.openqa.selenium.SessionNotCreatedException: 
session not created
from chrome not reachable
  (Session info: chrome=87.0.4280.88)
Build info: version: '3.141.59', revision: 'e82be7d358', time: '2018-11-14T08:17:03'
System info: host: 'DESKTOP-D96Q9MV', ip: '192.168.56.1', os.name: 'Windows 10', os.arch: 'amd64', os.version: '10.0', java.version: '1.8.0_261'
Driver info: driver.version: ChromeDriver
remote stacktrace: Backtrace:
	Ordinal0 [0x0125C0C3+3326147]
	Ordinal0 [0x01140851+2164817]
	Ordinal0 [0x00FC7140+618816]
	Ordinal0 [0x00FBD404+578564]
	Ordinal0 [0x00FBDACB+580299]
	Ordinal0 [0x00FBED35+585013]
	Ordinal0 [0x00FB9D61+564577]
	Ordinal0 [0x00FC82C0+623296]
	Ordinal0 [0x00F66BDD+224221]
	Ordinal0 [0x00F65CAC+220332]
	Ordinal0 [0x00F6189B+202907]
	Ordinal0 [0x00F43DF4+81396]
	Ordinal0 [0x00F44DEE+85486]
	Ordinal0 [0x00F44D79+85369]
	Ordinal0 [0x011585DC+2262492]
	GetHandleVerifier [0x013E2874+1487204]
	GetHandleVerifier [0x013E23CD+1486013]
	GetHandleVerifier [0x013EA368+1518680]
	GetHandleVerifier [0x013E2F4E+1488958]
	Ordinal0 [0x0114ED0D+2223373]
	Ordinal0 [0x0115A12B+2269483]
	Ordinal0 [0x0115A26F+2269807]
	Ordinal0 [0x0116ECB8+2354360]
	BaseThreadInitThunk [0x7734FA29+25]
	RtlGetAppContainerNamedObjectPath [0x77C175F4+228]
	RtlGetAppContainerNamedObjectPath [0x77C175C4+180]

	at com.app.testcases.LoginPageTest.setup(LoginPageTest.java:30)
</failure>
    <system-err><![CDATA[Starting ChromeDriver 87.0.4280.88 (89e2380a3e36c3464b5dd1302349b1382549290d-refs/branch-heads/4280@{#1761}) on port 17265
Only local connections are allowed.
Please see https://chromedriver.chromium.org/security-considerations for suggestions on keeping ChromeDriver safe.
ChromeDriver was started successfully.
[1610054450.330][WARNING]: Timed out connecting to Chrome, retrying...
]]></system-err>
  </testcase>
  <testcase name="setup" classname="com.app.testcases.LoginPageTest" time="0">
    <skipped/>
  </testcase>
  <testcase name="logovalidation" classname="com.app.testcases.LoginPageTest" time="0">
    <skipped message="session not created&#10;from chrome not reachable&#10;  (Session info: chrome=87.0.4280.88)&#10;Build info: version: &apos;3.141.59&apos;, revision: &apos;e82be7d358&apos;, time: &apos;2018-11-14T08:17:03&apos;&#10;System info: host: &apos;DESKTOP-D96Q9MV&apos;, ip: &apos;192.168.56.1&apos;, os.name: &apos;Windows 10&apos;, os.arch: &apos;amd64&apos;, os.version: &apos;10.0&apos;, java.version: &apos;1.8.0_261&apos;&#10;Driver info: driver.version: ChromeDriver&#10;remote stacktrace: Backtrace:&#10;	Ordinal0 [0x0125C0C3+3326147]&#10;	Ordinal0 [0x01140851+2164817]&#10;	Ordinal0 [0x00FC7140+618816]&#10;	Ordinal0 [0x00FBD404+578564]&#10;	Ordinal0 [0x00FBDACB+580299]&#10;	Ordinal0 [0x00FBED35+585013]&#10;	Ordinal0 [0x00FB9D61+564577]&#10;	Ordinal0 [0x00FC82C0+623296]&#10;	Ordinal0 [0x00F66BDD+224221]&#10;	Ordinal0 [0x00F65CAC+220332]&#10;	Ordinal0 [0x00F6189B+202907]&#10;	Ordinal0 [0x00F43DF4+81396]&#10;	Ordinal0 [0x00F44DEE+85486]&#10;	Ordinal0 [0x00F44D79+85369]&#10;	Ordinal0 [0x011585DC+2262492]&#10;	GetHandleVerifier [0x013E2874+1487204]&#10;	GetHandleVerifier [0x013E23CD+1486013]&#10;	GetHandleVerifier [0x013EA368+1518680]&#10;	GetHandleVerifier [0x013E2F4E+1488958]&#10;	Ordinal0 [0x0114ED0D+2223373]&#10;	Ordinal0 [0x0115A12B+2269483]&#10;	Ordinal0 [0x0115A26F+2269807]&#10;	Ordinal0 [0x0116ECB8+2354360]&#10;	BaseThreadInitThunk [0x7734FA29+25]&#10;	RtlGetAppContainerNamedObjectPath [0x77C175F4+228]&#10;	RtlGetAppContainerNamedObjectPath [0x77C175C4+180]&#10;"/>
  </testcase>
  <testcase name="tearDown" classname="com.app.testcases.LoginPageTest" time="0">
    <skipped/>
  </testcase>
  <testcase name="tearDown" classname="com.app.testcases.LoginPageTest" time="0">
    <skipped/>
  </testcase>
  <testcase name="loggeduserValidation" classname="com.app.testcases.HomePageTest" time="0">
    <skipped message="session not created&#10;from chrome not reachable&#10;  (Session info: chrome=87.0.4280.88)&#10;Build info: version: &apos;3.141.59&apos;, revision: &apos;e82be7d358&apos;, time: &apos;2018-11-14T08:17:03&apos;&#10;System info: host: &apos;DESKTOP-D96Q9MV&apos;, ip: &apos;192.168.56.1&apos;, os.name: &apos;Windows 10&apos;, os.arch: &apos;amd64&apos;, os.version: &apos;10.0&apos;, java.version: &apos;1.8.0_261&apos;&#10;Driver info: driver.version: ChromeDriver&#10;remote stacktrace: Backtrace:&#10;	Ordinal0 [0x0125C0C3+3326147]&#10;	Ordinal0 [0x01140851+2164817]&#10;	Ordinal0 [0x00FC7140+618816]&#10;	Ordinal0 [0x00FBD404+578564]&#10;	Ordinal0 [0x00FBDACB+580299]&#10;	Ordinal0 [0x00FBED35+585013]&#10;	Ordinal0 [0x00FB9D61+564577]&#10;	Ordinal0 [0x00FC82C0+623296]&#10;	Ordinal0 [0x00F66BDD+224221]&#10;	Ordinal0 [0x00F65CAC+220332]&#10;	Ordinal0 [0x00F6189B+202907]&#10;	Ordinal0 [0x00F43DF4+81396]&#10;	Ordinal0 [0x00F44DEE+85486]&#10;	Ordinal0 [0x00F44D79+85369]&#10;	Ordinal0 [0x011585DC+2262492]&#10;	GetHandleVerifier [0x013E2874+1487204]&#10;	GetHandleVerifier [0x013E23CD+1486013]&#10;	GetHandleVerifier [0x013EA368+1518680]&#10;	GetHandleVerifier [0x013E2F4E+1488958]&#10;	Ordinal0 [0x0114ED0D+2223373]&#10;	Ordinal0 [0x0115A12B+2269483]&#10;	Ordinal0 [0x0115A26F+2269807]&#10;	Ordinal0 [0x0116ECB8+2354360]&#10;	BaseThreadInitThunk [0x7734FA29+25]&#10;	RtlGetAppContainerNamedObjectPath [0x77C175F4+228]&#10;	RtlGetAppContainerNamedObjectPath [0x77C175C4+180]&#10;"/>
  </testcase>
  <testcase name="login" classname="com.app.testcases.LoginPageTest" time="0">
    <skipped message="session not created&#10;from chrome not reachable&#10;  (Session info: chrome=87.0.4280.88)&#10;Build info: version: &apos;3.141.59&apos;, revision: &apos;e82be7d358&apos;, time: &apos;2018-11-14T08:17:03&apos;&#10;System info: host: &apos;DESKTOP-D96Q9MV&apos;, ip: &apos;192.168.56.1&apos;, os.name: &apos;Windows 10&apos;, os.arch: &apos;amd64&apos;, os.version: &apos;10.0&apos;, java.version: &apos;1.8.0_261&apos;&#10;Driver info: driver.version: ChromeDriver&#10;remote stacktrace: Backtrace:&#10;	Ordinal0 [0x0125C0C3+3326147]&#10;	Ordinal0 [0x01140851+2164817]&#10;	Ordinal0 [0x00FC7140+618816]&#10;	Ordinal0 [0x00FBD404+578564]&#10;	Ordinal0 [0x00FBDACB+580299]&#10;	Ordinal0 [0x00FBED35+585013]&#10;	Ordinal0 [0x00FB9D61+564577]&#10;	Ordinal0 [0x00FC82C0+623296]&#10;	Ordinal0 [0x00F66BDD+224221]&#10;	Ordinal0 [0x00F65CAC+220332]&#10;	Ordinal0 [0x00F6189B+202907]&#10;	Ordinal0 [0x00F43DF4+81396]&#10;	Ordinal0 [0x00F44DEE+85486]&#10;	Ordinal0 [0x00F44D79+85369]&#10;	Ordinal0 [0x011585DC+2262492]&#10;	GetHandleVerifier [0x013E2874+1487204]&#10;	GetHandleVerifier [0x013E23CD+1486013]&#10;	GetHandleVerifier [0x013EA368+1518680]&#10;	GetHandleVerifier [0x013E2F4E+1488958]&#10;	Ordinal0 [0x0114ED0D+2223373]&#10;	Ordinal0 [0x0115A12B+2269483]&#10;	Ordinal0 [0x0115A26F+2269807]&#10;	Ordinal0 [0x0116ECB8+2354360]&#10;	BaseThreadInitThunk [0x7734FA29+25]&#10;	RtlGetAppContainerNamedObjectPath [0x77C175F4+228]&#10;	RtlGetAppContainerNamedObjectPath [0x77C175C4+180]&#10;"/>
  </testcase>
  <testcase name="clickonContactLink" classname="com.app.testcases.HomePageTest" time="0">
    <skipped message="session not created&#10;from chrome not reachable&#10;  (Session info: chrome=87.0.4280.88)&#10;Build info: version: &apos;3.141.59&apos;, revision: &apos;e82be7d358&apos;, time: &apos;2018-11-14T08:17:03&apos;&#10;System info: host: &apos;DESKTOP-D96Q9MV&apos;, ip: &apos;192.168.56.1&apos;, os.name: &apos;Windows 10&apos;, os.arch: &apos;amd64&apos;, os.version: &apos;10.0&apos;, java.version: &apos;1.8.0_261&apos;&#10;Driver info: driver.version: ChromeDriver&#10;remote stacktrace: Backtrace:&#10;	Ordinal0 [0x0125C0C3+3326147]&#10;	Ordinal0 [0x01140851+2164817]&#10;	Ordinal0 [0x00FC7140+618816]&#10;	Ordinal0 [0x00FBD404+578564]&#10;	Ordinal0 [0x00FBDACB+580299]&#10;	Ordinal0 [0x00FBED35+585013]&#10;	Ordinal0 [0x00FB9D61+564577]&#10;	Ordinal0 [0x00FC82C0+623296]&#10;	Ordinal0 [0x00F66BDD+224221]&#10;	Ordinal0 [0x00F65CAC+220332]&#10;	Ordinal0 [0x00F6189B+202907]&#10;	Ordinal0 [0x00F43DF4+81396]&#10;	Ordinal0 [0x00F44DEE+85486]&#10;	Ordinal0 [0x00F44D79+85369]&#10;	Ordinal0 [0x011585DC+2262492]&#10;	GetHandleVerifier [0x013E2874+1487204]&#10;	GetHandleVerifier [0x013E23CD+1486013]&#10;	GetHandleVerifier [0x013EA368+1518680]&#10;	GetHandleVerifier [0x013E2F4E+1488958]&#10;	Ordinal0 [0x0114ED0D+2223373]&#10;	Ordinal0 [0x0115A12B+2269483]&#10;	Ordinal0 [0x0115A26F+2269807]&#10;	Ordinal0 [0x0116ECB8+2354360]&#10;	BaseThreadInitThunk [0x7734FA29+25]&#10;	RtlGetAppContainerNamedObjectPath [0x77C175F4+228]&#10;	RtlGetAppContainerNamedObjectPath [0x77C175C4+180]&#10;"/>
  </testcase>
  <testcase name="clickonDealsLink" classname="com.app.testcases.HomePageTest" time="0">
    <skipped message="session not created&#10;from chrome not reachable&#10;  (Session info: chrome=87.0.4280.88)&#10;Build info: version: &apos;3.141.59&apos;, revision: &apos;e82be7d358&apos;, time: &apos;2018-11-14T08:17:03&apos;&#10;System info: host: &apos;DESKTOP-D96Q9MV&apos;, ip: &apos;192.168.56.1&apos;, os.name: &apos;Windows 10&apos;, os.arch: &apos;amd64&apos;, os.version: &apos;10.0&apos;, java.version: &apos;1.8.0_261&apos;&#10;Driver info: driver.version: ChromeDriver&#10;remote stacktrace: Backtrace:&#10;	Ordinal0 [0x0125C0C3+3326147]&#10;	Ordinal0 [0x01140851+2164817]&#10;	Ordinal0 [0x00FC7140+618816]&#10;	Ordinal0 [0x00FBD404+578564]&#10;	Ordinal0 [0x00FBDACB+580299]&#10;	Ordinal0 [0x00FBED35+585013]&#10;	Ordinal0 [0x00FB9D61+564577]&#10;	Ordinal0 [0x00FC82C0+623296]&#10;	Ordinal0 [0x00F66BDD+224221]&#10;	Ordinal0 [0x00F65CAC+220332]&#10;	Ordinal0 [0x00F6189B+202907]&#10;	Ordinal0 [0x00F43DF4+81396]&#10;	Ordinal0 [0x00F44DEE+85486]&#10;	Ordinal0 [0x00F44D79+85369]&#10;	Ordinal0 [0x011585DC+2262492]&#10;	GetHandleVerifier [0x013E2874+1487204]&#10;	GetHandleVerifier [0x013E23CD+1486013]&#10;	GetHandleVerifier [0x013EA368+1518680]&#10;	GetHandleVerifier [0x013E2F4E+1488958]&#10;	Ordinal0 [0x0114ED0D+2223373]&#10;	Ordinal0 [0x0115A12B+2269483]&#10;	Ordinal0 [0x0115A26F+2269807]&#10;	Ordinal0 [0x0116ECB8+2354360]&#10;	BaseThreadInitThunk [0x7734FA29+25]&#10;	RtlGetAppContainerNamedObjectPath [0x77C175F4+228]&#10;	RtlGetAppContainerNamedObjectPath [0x77C175C4+180]&#10;"/>
  </testcase>
</testsuite>