-------------------------------------------------------------------------------
Test set: TestSuite
-------------------------------------------------------------------------------
Tests run: 9, Failures: 1, Errors: 0, Skipped: 2, Time elapsed: 161.306 s <<< FAILURE! - in TestSuite
setup(com.app.testcases.HomePageTest)  Time elapsed: 24.731 s  <<< FAILURE!
java.lang.StackOverflowError

