<?xml version="1.0" encoding="UTF-8"?>
<testng-results skipped="0" failed="1" ignored="0" total="7" passed="6">
  <reporter-output>
  </reporter-output>
  <suite name="Automation" duration-ms="125663" started-at="2021-01-07T15:21:22Z" finished-at="2021-01-07T15:23:27Z">
    <groups>
    </groups>
    <test name="Sanity" duration-ms="125663" started-at="2021-01-07T15:21:22Z" finished-at="2021-01-07T15:23:27Z">
      <class name="com.app.testcases.LoginPageTest">
        <test-method status="PASS" signature="setup()[pri:0, instance:com.app.testcases.LoginPageTest@59d016c9]" name="setup" is-config="true" duration-ms="11839" started-at="2021-01-07T15:21:22Z" finished-at="2021-01-07T15:21:33Z">
          <reporter-output>
          </reporter-output>
        </test-method> <!-- setup -->
        <test-method status="PASS" signature="loginPagetitleTest()[pri:1, instance:com.app.testcases.LoginPageTest@59d016c9]" name="loginPagetitleTest" duration-ms="108" started-at="2021-01-07T15:21:33Z" finished-at="2021-01-07T15:21:34Z">
          <reporter-output>
          </reporter-output>
        </test-method> <!-- loginPagetitleTest -->
        <test-method status="PASS" signature="tearDown()[pri:0, instance:com.app.testcases.LoginPageTest@59d016c9]" name="tearDown" is-config="true" duration-ms="1284" started-at="2021-01-07T15:21:35Z" finished-at="2021-01-07T15:21:36Z">
          <reporter-output>
          </reporter-output>
        </test-method> <!-- tearDown -->
        <test-method status="PASS" signature="setup()[pri:0, instance:com.app.testcases.LoginPageTest@59d016c9]" name="setup" is-config="true" duration-ms="10109" started-at="2021-01-07T15:21:54Z" finished-at="2021-01-07T15:22:05Z">
          <reporter-output>
          </reporter-output>
        </test-method> <!-- setup -->
        <test-method status="PASS" signature="logovalidation()[pri:2, instance:com.app.testcases.LoginPageTest@59d016c9]" name="logovalidation" duration-ms="358" started-at="2021-01-07T15:22:05Z" finished-at="2021-01-07T15:22:05Z">
          <reporter-output>
          </reporter-output>
        </test-method> <!-- logovalidation -->
        <test-method status="PASS" signature="tearDown()[pri:0, instance:com.app.testcases.LoginPageTest@59d016c9]" name="tearDown" is-config="true" duration-ms="1735" started-at="2021-01-07T15:22:06Z" finished-at="2021-01-07T15:22:08Z">
          <reporter-output>
          </reporter-output>
        </test-method> <!-- tearDown -->
        <test-method status="PASS" signature="setup()[pri:0, instance:com.app.testcases.LoginPageTest@59d016c9]" name="setup" is-config="true" duration-ms="10397" started-at="2021-01-07T15:22:27Z" finished-at="2021-01-07T15:22:38Z">
          <reporter-output>
          </reporter-output>
        </test-method> <!-- setup -->
        <test-method status="PASS" signature="login()[pri:3, instance:com.app.testcases.LoginPageTest@59d016c9]" name="login" duration-ms="5924" started-at="2021-01-07T15:22:38Z" finished-at="2021-01-07T15:22:43Z">
          <reporter-output>
          </reporter-output>
        </test-method> <!-- login -->
        <test-method status="PASS" signature="tearDown()[pri:0, instance:com.app.testcases.LoginPageTest@59d016c9]" name="tearDown" is-config="true" duration-ms="1504" started-at="2021-01-07T15:22:44Z" finished-at="2021-01-07T15:22:45Z">
          <reporter-output>
          </reporter-output>
        </test-method> <!-- tearDown -->
      </class> <!-- com.app.testcases.LoginPageTest -->
      <class name="com.app.testcases.HomePageTest">
        <test-method status="PASS" signature="setup()[pri:0, instance:com.app.testcases.HomePageTest@3cc2931c]" name="setup" is-config="true" duration-ms="15759" started-at="2021-01-07T15:21:36Z" finished-at="2021-01-07T15:21:52Z">
          <reporter-output>
          </reporter-output>
        </test-method> <!-- setup -->
        <test-method status="PASS" signature="verifyHomePageTitle()[pri:1, instance:com.app.testcases.HomePageTest@3cc2931c]" name="verifyHomePageTitle" duration-ms="45" started-at="2021-01-07T15:21:52Z" finished-at="2021-01-07T15:21:52Z">
          <reporter-output>
          </reporter-output>
        </test-method> <!-- verifyHomePageTitle -->
        <test-method status="PASS" signature="tearDown()[pri:0, instance:com.app.testcases.HomePageTest@3cc2931c]" name="tearDown" is-config="true" duration-ms="1692" started-at="2021-01-07T15:21:53Z" finished-at="2021-01-07T15:21:54Z">
          <reporter-output>
          </reporter-output>
        </test-method> <!-- tearDown -->
        <test-method status="PASS" signature="setup()[pri:0, instance:com.app.testcases.HomePageTest@3cc2931c]" name="setup" is-config="true" duration-ms="16076" started-at="2021-01-07T15:22:08Z" finished-at="2021-01-07T15:22:24Z">
          <reporter-output>
          </reporter-output>
        </test-method> <!-- setup -->
        <test-method status="FAIL" signature="loggeduserValidation()[pri:2, instance:com.app.testcases.HomePageTest@3cc2931c]" name="loggeduserValidation" duration-ms="289" started-at="2021-01-07T15:22:24Z" finished-at="2021-01-07T15:22:24Z">
          <exception class="java.lang.AssertionError">
            <message>
              <![CDATA[expected [  User: Learnfirst Learnlast] but found [  User: XLearnfirst Learnlast]]]>
            </message>
            <full-stacktrace>
              <![CDATA[java.lang.AssertionError: expected [  User: Learnfirst Learnlast] but found [  User: XLearnfirst Learnlast]
at org.testng.Assert.fail(Assert.java:96)
at org.testng.Assert.failNotEquals(Assert.java:776)
at org.testng.Assert.assertEqualsImpl(Assert.java:137)
at org.testng.Assert.assertEquals(Assert.java:118)
at org.testng.Assert.assertEquals(Assert.java:453)
at org.testng.Assert.assertEquals(Assert.java:463)
at com.app.testcases.HomePageTest.loggeduserValidation(HomePageTest.java:53)
at sun.reflect.NativeMethodAccessorImpl.invoke0(Native Method)
at sun.reflect.NativeMethodAccessorImpl.invoke(NativeMethodAccessorImpl.java:62)
at sun.reflect.DelegatingMethodAccessorImpl.invoke(DelegatingMethodAccessorImpl.java:43)
at java.lang.reflect.Method.invoke(Method.java:498)
at org.testng.internal.MethodInvocationHelper.invokeMethod(MethodInvocationHelper.java:124)
at org.testng.internal.Invoker.invokeMethod(Invoker.java:583)
at org.testng.internal.Invoker.invokeTestMethod(Invoker.java:719)
at org.testng.internal.Invoker.invokeTestMethods(Invoker.java:989)
at org.testng.internal.TestMethodWorker.invokeTestMethods(TestMethodWorker.java:125)
at org.testng.internal.TestMethodWorker.run(TestMethodWorker.java:109)
at org.testng.TestRunner.privateRun(TestRunner.java:648)
at org.testng.TestRunner.run(TestRunner.java:505)
at org.testng.SuiteRunner.runTest(SuiteRunner.java:455)
at org.testng.SuiteRunner.runSequentially(SuiteRunner.java:450)
at org.testng.SuiteRunner.privateRun(SuiteRunner.java:415)
at org.testng.SuiteRunner.run(SuiteRunner.java:364)
at org.testng.SuiteRunnerWorker.runSuite(SuiteRunnerWorker.java:52)
at org.testng.SuiteRunnerWorker.run(SuiteRunnerWorker.java:84)
at org.testng.TestNG.runSuitesSequentially(TestNG.java:1208)
at org.testng.TestNG.runSuitesLocally(TestNG.java:1137)
at org.testng.TestNG.runSuites(TestNG.java:1049)
at org.testng.TestNG.run(TestNG.java:1017)
at org.testng.remote.AbstractRemoteTestNG.run(AbstractRemoteTestNG.java:115)
at org.testng.remote.RemoteTestNG.initAndRun(RemoteTestNG.java:251)
at org.testng.remote.RemoteTestNG.main(RemoteTestNG.java:77)
]]>
            </full-stacktrace>
          </exception> <!-- java.lang.AssertionError -->
          <reporter-output>
          </reporter-output>
        </test-method> <!-- loggeduserValidation -->
        <test-method status="PASS" signature="tearDown()[pri:0, instance:com.app.testcases.HomePageTest@3cc2931c]" name="tearDown" is-config="true" duration-ms="2242" started-at="2021-01-07T15:22:25Z" finished-at="2021-01-07T15:22:27Z">
          <reporter-output>
          </reporter-output>
        </test-method> <!-- tearDown -->
        <test-method status="PASS" signature="setup()[pri:0, instance:com.app.testcases.HomePageTest@3cc2931c]" name="setup" is-config="true" duration-ms="16080" started-at="2021-01-07T15:22:45Z" finished-at="2021-01-07T15:23:01Z">
          <reporter-output>
          </reporter-output>
        </test-method> <!-- setup -->
        <test-method status="PASS" signature="clickonContactLink()[pri:3, instance:com.app.testcases.HomePageTest@3cc2931c]" name="clickonContactLink" duration-ms="2832" started-at="2021-01-07T15:23:01Z" finished-at="2021-01-07T15:23:04Z">
          <reporter-output>
          </reporter-output>
        </test-method> <!-- clickonContactLink -->
        <test-method status="PASS" signature="tearDown()[pri:0, instance:com.app.testcases.HomePageTest@3cc2931c]" name="tearDown" is-config="true" duration-ms="1386" started-at="2021-01-07T15:23:05Z" finished-at="2021-01-07T15:23:06Z">
          <reporter-output>
          </reporter-output>
        </test-method> <!-- tearDown -->
        <test-method status="PASS" signature="setup()[pri:0, instance:com.app.testcases.HomePageTest@3cc2931c]" name="setup" is-config="true" duration-ms="16210" started-at="2021-01-07T15:23:06Z" finished-at="2021-01-07T15:23:22Z">
          <reporter-output>
          </reporter-output>
        </test-method> <!-- setup -->
        <test-method status="PASS" signature="clickonDealsLink()[pri:4, instance:com.app.testcases.HomePageTest@3cc2931c]" name="clickonDealsLink" duration-ms="2900" started-at="2021-01-07T15:23:22Z" finished-at="2021-01-07T15:23:25Z">
          <reporter-output>
          </reporter-output>
        </test-method> <!-- clickonDealsLink -->
        <test-method status="PASS" signature="tearDown()[pri:0, instance:com.app.testcases.HomePageTest@3cc2931c]" name="tearDown" is-config="true" duration-ms="1690" started-at="2021-01-07T15:23:26Z" finished-at="2021-01-07T15:23:27Z">
          <reporter-output>
          </reporter-output>
        </test-method> <!-- tearDown -->
      </class> <!-- com.app.testcases.HomePageTest -->
    </test> <!-- Sanity -->
  </suite> <!-- Automation -->
</testng-results>
