<?xml version="1.0" encoding="UTF-8"?>
<!-- Generated by org.testng.reporters.JUnitXMLReporter -->
<testsuite hostname="DESKTOP-D96Q9MV" ignored="0" name="Sanity" tests="7" failures="0" timestamp="07 Jan 2021 18:59:46 GMT" time="123.338" errors="0">
  <testcase name="loginPagetitleTest" time="0.092" classname="com.app.testcases.LoginPageTest"/>
  <testcase name="verifyHomePageTitle" time="0.027" classname="com.app.testcases.HomePageTest"/>
  <testcase name="logovalidation" time="0.32" classname="com.app.testcases.LoginPageTest"/>
  <testcase name="loggeduserValidation" time="0.25" classname="com.app.testcases.HomePageTest"/>
  <testcase name="login" time="5.34" classname="com.app.testcases.LoginPageTest"/>
  <testcase name="clickonContactLink" time="3.579" classname="com.app.testcases.HomePageTest"/>
  <testcase name="clickonDealsLink" time="3.909" classname="com.app.testcases.HomePageTest"/>
</testsuite> <!-- Sanity -->
